<?xml version="1.0" encoding="UTF-8"?>
<!-- Generated by org.testng.reporters.JUnitXMLReporter -->
<testsuite hostname="DESKTOP-VJ5UG09" name="Failedtests" tests="0" failures="0" timestamp="28 Dec 2022 13:23:42 GMT" time="0.048" errors="0">
  <testcase name="@BeforeClass setUpClass" time="0.0" classname="cucumberOptions.FailedTestsRunner">
    <failure type="io.cucumber.core.exception.CucumberException" message="Failed to parse &amp;apos;target\failed-scenarios.txt&amp;apos;">
      <![CDATA[io.cucumber.core.exception.CucumberException: Failed to parse 'target\failed-scenarios.txt'
	at io.cucumber.core.options.OptionsFileParser.parseFeatureWithLinesFile(OptionsFileParser.java:35)
	at io.cucumber.core.options.CucumberOptionsAnnotationParser.addFeatures(CucumberOptionsAnnotationParser.java:136)
	at io.cucumber.core.options.CucumberOptionsAnnotationParser.parse(CucumberOptionsAnnotationParser.java:46)
	at io.cucumber.testng.TestNGCucumberRunner.<init>(TestNGCucumberRunner.java:85)
	at io.cucumber.testng.AbstractTestNGCucumberTests.setUpClass(AbstractTestNGCucumberTests.java:27)
Caused by: java.nio.file.NoSuchFileException: target\failed-scenarios.txt
	at sun.nio.fs.WindowsException.translateToIOException(WindowsException.java:79)
	at sun.nio.fs.WindowsException.rethrowAsIOException(WindowsException.java:97)
	at sun.nio.fs.WindowsException.rethrowAsIOException(WindowsException.java:102)
	at sun.nio.fs.WindowsFileSystemProvider.newByteChannel(WindowsFileSystemProvider.java:230)
	at java.nio.file.Files.newByteChannel(Files.java:361)
	at java.nio.file.Files.newByteChannel(Files.java:407)
	at java.nio.file.spi.FileSystemProvider.newInputStream(FileSystemProvider.java:384)
	at java.nio.file.Files.newInputStream(Files.java:152)
	at java.nio.file.Files.newBufferedReader(Files.java:2784)
	at java.nio.file.Files.readAllLines(Files.java:3202)
	at java.nio.file.Files.readAllLines(Files.java:3242)
	at io.cucumber.core.options.OptionsFileParser.parseFeatureWithLinesFile(OptionsFileParser.java:27)
	... 28 more
... Removed 24 stack frames]]>
    </failure>
  </testcase> <!-- @BeforeClass setUpClass -->
</testsuite> <!-- Failedtests -->
