<?xml version="1.0" encoding="UTF-8"?>
<!-- Generated by org.testng.reporters.JUnitXMLReporter -->
<testsuite hostname="DESKTOP-VJ5UG09" name="Test" tests="3" failures="1" timestamp="28 Dec 2022 13:23:42 GMT" time="30.893" errors="0">
  <testcase name="runScenario" time="27.488" classname="cucumberOptions.TestngRunner">
    <failure type="java.lang.AssertionError" message="expected [No data] but found [Beetroot]">
      <![CDATA[java.lang.AssertionError: expected [No data] but found [Beetroot]
	at stepDefinitions.TopDealsStepDefintions.verify_both_item_displayed_in_homepage_and_topdeals_are_same(TopDealsStepDefintions.java:39)
	at ✽.verify both item displayed in homepage and topdeals are same(file:///C:/Java%20program/RahulshettyCucumberproject2/src/test/java/features/searchProduct.feature:9)
... Removed 6 stack frames]]>
    </failure>
  </testcase> <!-- runScenario -->
  <testcase name="runScenario" time="27.551" classname="cucumberOptions.TestngRunner"/>
  <testcase name="runScenario" time="28.553" classname="cucumberOptions.TestngRunner"/>
</testsuite> <!-- Test -->
