<?xml version="1.0" encoding="UTF-8"?>
<testng-results skipped="0" failed="0" ignored="0" total="1" passed="1">
  <reporter-output>
  </reporter-output>
  <suite name="Suite" duration-ms="24862" started-at="2022-12-29T13:42:37 IST" finished-at="2022-12-29T13:43:02 IST">
    <groups>
      <group name="cucumber">
        <method signature="AbstractTestNGCucumberTests.runScenario(io.cucumber.testng.PickleWrapper,io.cucumber.testng.FeatureWrapper)[pri:0, instance:cucumberOptions.TestngRunner@6950e31]" name="runScenario" class="io.cucumber.testng.AbstractTestNGCucumberTests"/>
      </group> <!-- cucumber -->
    </groups>
    <test name="Test" duration-ms="24862" started-at="2022-12-29T13:42:37 IST" finished-at="2022-12-29T13:43:02 IST">
      <class name="cucumberOptions.TestngRunner">
        <test-method status="PASS" signature="setUpClass()[pri:0, instance:cucumberOptions.TestngRunner@6950e31]" name="setUpClass" is-config="true" duration-ms="1273" started-at="2022-12-29T13:42:37 IST" finished-at="2022-12-29T13:42:38 IST">
          <reporter-output>
          </reporter-output>
        </test-method> <!-- setUpClass -->
        <test-method status="PASS" signature="runScenario(io.cucumber.testng.PickleWrapper,io.cucumber.testng.FeatureWrapper)[pri:0, instance:cucumberOptions.TestngRunner@6950e31]" name="runScenario" duration-ms="22781" started-at="2022-12-29T13:42:38 IST" description="Runs Cucumber Scenarios" data-provider="scenarios" finished-at="2022-12-29T13:43:01 IST">
          <params>
            <param index="0">
              <value>
                <![CDATA["login to website and verify if the product added to cart is matched"]]>
              </value>
            </param>
            <param index="1">
              <value>
                <![CDATA["Optional[login to webisite and verify if the product added to cart]"]]>
              </value>
            </param>
          </params>
          <reporter-output>
          </reporter-output>
        </test-method> <!-- runScenario -->
        <test-method status="PASS" signature="tearDownClass()[pri:0, instance:cucumberOptions.TestngRunner@6950e31]" name="tearDownClass" is-config="true" duration-ms="739" started-at="2022-12-29T13:43:01 IST" finished-at="2022-12-29T13:43:02 IST">
          <reporter-output>
          </reporter-output>
        </test-method> <!-- tearDownClass -->
      </class> <!-- cucumberOptions.TestngRunner -->
    </test> <!-- Test -->
  </suite> <!-- Suite -->
</testng-results>
