<?xml version="1.0" encoding="UTF-8"?>
<!-- Generated by org.testng.reporters.JUnitReportReporter -->
<testsuite hostname="DESKTOP-VJ5UG09" name="cucumberOptions.TestngRunner" tests="3" failures="1" timestamp="28 Dec 2022 13:23:42 GMT" time="83.592" errors="0">
  <testcase name="runScenario" time="28.553" classname="cucumberOptions.TestngRunner"/>
  <testcase name="runScenario" time="27.488" classname="cucumberOptions.TestngRunner">
    <failure type="java.lang.AssertionError" message="expected [No data] but found [Beetroot]">
      <![CDATA[java.lang.AssertionError: expected [No data] but found [Beetroot]
	at org.testng.Assert.fail(Assert.java:94)
	at org.testng.Assert.failNotEquals(Assert.java:513)
	at org.testng.Assert.assertEqualsImpl(Assert.java:135)
	at org.testng.Assert.assertEquals(Assert.java:116)
	at org.testng.Assert.assertEquals(Assert.java:190)
	at org.testng.Assert.assertEquals(Assert.java:200)
	at stepDefinitions.TopDealsStepDefintions.verify_both_item_displayed_in_homepage_and_topdeals_are_same(TopDealsStepDefintions.java:39)
	at ✽.verify both item displayed in homepage and topdeals are same(file:///C:/Java%20program/RahulshettyCucumberproject2/src/test/java/features/searchProduct.feature:9)
]]>
    </failure>
  </testcase> <!-- runScenario -->
  <testcase name="runScenario" time="27.551" classname="cucumberOptions.TestngRunner"/>
</testsuite> <!-- cucumberOptions.TestngRunner -->
